<?xml version="1.0" encoding="UTF-8"?>
<!-- Generated by org.testng.reporters.JUnitReportReporter -->
<testsuite hostname="DESKTOP-9G01JJ4" failures="0" tests="1" name="com.scripts.actitime.ActitimeLogin" time="40.397" errors="0" timestamp="05 Jan 2021 20:00:17 GMT" skipped="0">
  <testcase classname="com.scripts.actitime.ActitimeLogin" name="login" time="40.397"/>
</testsuite> <!-- com.scripts.actitime.ActitimeLogin -->
